2024-05-09 11:35:31,587 - Train size: 60000, Test size: 10000
2024-05-09 11:35:33,820 - Start training...
2024-05-09 11:35:33,820 - Using device cuda
2024-05-09 11:35:33,820 - Number of epochs: 30, Patience: 5 , Learning rate: 0.1
2024-05-09 11:35:33,820 - SoftmaxRegression(
  (linear): Linear(in_features=784, out_features=10, bias=True)
  (softmax): Softmax(dim=1)
)
2024-05-09 11:35:33,820 - SGD (
Parameter Group 0
    dampening: 0
    differentiable: False
    foreach: None
    lr: 0.1
    maximize: False
    momentum: 0
    nesterov: False
    weight_decay: 0
)
2024-05-09 11:35:39,082 - Epoch 1, Train Loss: 0.7870, Test Loss: 0.6363, Test Accuracy: 0.7825
2024-05-09 11:35:41,965 - Epoch 2, Train Loss: 0.5697, Test Loss: 0.5665, Test Accuracy: 0.8114
2024-05-09 11:35:44,726 - Epoch 3, Train Loss: 0.5255, Test Loss: 0.5474, Test Accuracy: 0.8115
2024-05-09 11:35:47,468 - Epoch 4, Train Loss: 0.5008, Test Loss: 0.5169, Test Accuracy: 0.8184
2024-05-09 11:35:50,357 - Epoch 5, Train Loss: 0.4850, Test Loss: 0.5173, Test Accuracy: 0.8196
2024-05-09 11:35:53,181 - Epoch 6, Train Loss: 0.4743, Test Loss: 0.4993, Test Accuracy: 0.8236
2024-05-09 11:35:55,980 - Epoch 7, Train Loss: 0.4662, Test Loss: 0.5152, Test Accuracy: 0.8176
2024-05-09 11:35:58,764 - Epoch 8, Train Loss: 0.4590, Test Loss: 0.4863, Test Accuracy: 0.8313
2024-05-09 11:36:01,683 - Epoch 9, Train Loss: 0.4518, Test Loss: 0.4825, Test Accuracy: 0.8333
2024-05-09 11:36:04,537 - Epoch 10, Train Loss: 0.4474, Test Loss: 0.4812, Test Accuracy: 0.8317
2024-05-09 11:36:07,321 - Epoch 11, Train Loss: 0.4424, Test Loss: 0.4925, Test Accuracy: 0.8250
2024-05-09 11:36:10,046 - Epoch 12, Train Loss: 0.4399, Test Loss: 0.4757, Test Accuracy: 0.8345
2024-05-09 11:36:12,978 - Epoch 13, Train Loss: 0.4356, Test Loss: 0.4766, Test Accuracy: 0.8346
2024-05-09 11:36:15,761 - Epoch 14, Train Loss: 0.4324, Test Loss: 0.4924, Test Accuracy: 0.8199
2024-05-09 11:36:18,552 - Epoch 15, Train Loss: 0.4304, Test Loss: 0.4871, Test Accuracy: 0.8297
2024-05-09 11:36:21,296 - Epoch 16, Train Loss: 0.4285, Test Loss: 0.4640, Test Accuracy: 0.8369
2024-05-09 11:36:24,082 - Epoch 17, Train Loss: 0.4269, Test Loss: 0.4699, Test Accuracy: 0.8357
2024-05-09 11:36:26,903 - Epoch 18, Train Loss: 0.4246, Test Loss: 0.4587, Test Accuracy: 0.8393
2024-05-09 11:36:29,656 - Epoch 19, Train Loss: 0.4231, Test Loss: 0.4840, Test Accuracy: 0.8330
2024-05-09 11:36:32,451 - Epoch 20, Train Loss: 0.4204, Test Loss: 0.4719, Test Accuracy: 0.8282
2024-05-09 11:36:35,366 - Epoch 21, Train Loss: 0.4191, Test Loss: 0.4754, Test Accuracy: 0.8277
2024-05-09 11:36:38,287 - Epoch 22, Train Loss: 0.4164, Test Loss: 0.4526, Test Accuracy: 0.8395
2024-05-09 11:36:41,108 - Epoch 23, Train Loss: 0.4159, Test Loss: 0.4516, Test Accuracy: 0.8401
2024-05-09 11:36:43,992 - Epoch 24, Train Loss: 0.4144, Test Loss: 0.4498, Test Accuracy: 0.8417
2024-05-09 11:36:46,858 - Epoch 25, Train Loss: 0.4131, Test Loss: 0.4526, Test Accuracy: 0.8394
2024-05-09 11:36:49,704 - Epoch 26, Train Loss: 0.4128, Test Loss: 0.4522, Test Accuracy: 0.8399
2024-05-09 11:36:52,480 - Epoch 27, Train Loss: 0.4105, Test Loss: 0.4505, Test Accuracy: 0.8412
2024-05-09 11:36:55,193 - Epoch 28, Train Loss: 0.4092, Test Loss: 0.4584, Test Accuracy: 0.8370
2024-05-09 11:36:57,905 - Epoch 29, Train Loss: 0.4092, Test Loss: 0.4481, Test Accuracy: 0.8410
2024-05-09 11:37:00,934 - Epoch 30, Train Loss: 0.4077, Test Loss: 0.4520, Test Accuracy: 0.8425
